{
"E:\\angular2\\demo\\angularjs2_typescript_project_demo\\dist\\services\\my-service.js":{"path":"E:\\angular2\\demo\\angularjs2_typescript_project_demo\\dist\\services\\my-service.js","s":{"1":1,"2":1,"3":2,"4":1,"5":3,"6":3,"7":1,"8":3,"9":20,"10":3,"11":1,"12":1},"b":{"1":[1,2]},"f":{"1":1,"2":2,"3":3},"fnMap":{"1":{"name":"(anonymous_1)","line":1,"loc":{"start":{"line":1,"column":17},"end":{"line":1,"column":29}}},"2":{"name":"MyService","line":2,"loc":{"start":{"line":2,"column":4},"end":{"line":2,"column":25}}},"3":{"name":"(anonymous_3)","line":5,"loc":{"start":{"line":5,"column":34},"end":{"line":5,"column":51}}}},"statementMap":{"1":{"start":{"line":1,"column":0},"end":{"line":15,"column":5}},"2":{"start":{"line":2,"column":4},"end":{"line":4,"column":5}},"3":{"start":{"line":3,"column":8},"end":{"line":3,"column":180}},"4":{"start":{"line":5,"column":4},"end":{"line":13,"column":6}},"5":{"start":{"line":6,"column":8},"end":{"line":6,"column":24}},"6":{"start":{"line":7,"column":8},"end":{"line":8,"column":40}},"7":{"start":{"line":8,"column":12},"end":{"line":8,"column":40}},"8":{"start":{"line":9,"column":8},"end":{"line":11,"column":9}},"9":{"start":{"line":10,"column":12},"end":{"line":10,"column":41}},"10":{"start":{"line":12,"column":8},"end":{"line":12,"column":22}},"11":{"start":{"line":14,"column":4},"end":{"line":14,"column":21}},"12":{"start":{"line":16,"column":0},"end":{"line":16,"column":30}}},"branchMap":{"1":{"line":7,"type":"if","locations":[{"start":{"line":7,"column":8},"end":{"line":7,"column":8}},{"start":{"line":7,"column":8},"end":{"line":7,"column":8}}]}},"l":{"1":1,"2":1,"3":2,"5":1,"6":3,"7":3,"8":1,"9":3,"10":20,"12":3,"14":1,"16":1}},
"E:\\angular2\\demo\\angularjs2_typescript_project_demo\\dist\\pipes\\my-pipe.js":{"path":"E:\\angular2\\demo\\angularjs2_typescript_project_demo\\dist\\pipes\\my-pipe.js","s":{"1":1,"2":1,"3":1,"4":1,"5":0,"6":0,"7":0,"8":1,"9":1,"10":1,"11":1,"12":1,"13":1,"14":1,"15":1,"16":1,"17":2,"18":1,"19":1,"20":1},"b":{"1":[1,1,1],"2":[1,0],"3":[0,0],"4":[1,0],"5":[1,1],"6":[0,0],"7":[0,0],"8":[0,0],"9":[0,0],"10":[1,0,0],"11":[1,1,1],"12":[1,0],"13":[1,1]},"f":{"1":1,"2":1,"3":1,"4":1,"5":1,"6":2},"fnMap":{"1":{"name":"(anonymous_1)","line":1,"loc":{"start":{"line":1,"column":46},"end":{"line":1,"column":87}}},"2":{"name":"(anonymous_2)","line":7,"loc":{"start":{"line":7,"column":46},"end":{"line":7,"column":62}}},"3":{"name":"(anonymous_3)","line":11,"loc":{"start":{"line":11,"column":14},"end":{"line":11,"column":26}}},"4":{"name":"MyPipe","line":12,"loc":{"start":{"line":12,"column":4},"end":{"line":12,"column":22}}},"5":{"name":"(anonymous_5)","line":14,"loc":{"start":{"line":14,"column":33},"end":{"line":14,"column":55}}},"6":{"name":"(anonymous_6)","line":15,"loc":{"start":{"line":15,"column":35},"end":{"line":15,"column":50}}}},"statementMap":{"1":{"start":{"line":1,"column":0},"end":{"line":6,"column":2}},"2":{"start":{"line":2,"column":4},"end":{"line":2,"column":129}},"3":{"start":{"line":3,"column":4},"end":{"line":4,"column":150}},"4":{"start":{"line":3,"column":79},"end":{"line":3,"column":131}},"5":{"start":{"line":4,"column":9},"end":{"line":4,"column":150}},"6":{"start":{"line":4,"column":58},"end":{"line":4,"column":150}},"7":{"start":{"line":4,"column":81},"end":{"line":4,"column":150}},"8":{"start":{"line":5,"column":4},"end":{"line":5,"column":66}},"9":{"start":{"line":7,"column":0},"end":{"line":9,"column":2}},"10":{"start":{"line":8,"column":4},"end":{"line":8,"column":109}},"11":{"start":{"line":8,"column":79},"end":{"line":8,"column":109}},"12":{"start":{"line":10,"column":0},"end":{"line":10,"column":38}},"13":{"start":{"line":11,"column":0},"end":{"line":24,"column":5}},"14":{"start":{"line":12,"column":4},"end":{"line":13,"column":5}},"15":{"start":{"line":14,"column":4},"end":{"line":18,"column":6}},"16":{"start":{"line":15,"column":8},"end":{"line":17,"column":21}},"17":{"start":{"line":16,"column":12},"end":{"line":16,"column":62}},"18":{"start":{"line":19,"column":4},"end":{"line":22,"column":15}},"19":{"start":{"line":23,"column":4},"end":{"line":23,"column":18}},"20":{"start":{"line":25,"column":0},"end":{"line":25,"column":24}}},"branchMap":{"1":{"line":1,"type":"binary-expr","locations":[{"start":{"line":1,"column":18},"end":{"line":1,"column":22}},{"start":{"line":1,"column":26},"end":{"line":1,"column":41}},{"start":{"line":1,"column":46},"end":{"line":6,"column":1}}]},"2":{"line":2,"type":"cond-expr","locations":[{"start":{"line":2,"column":42},"end":{"line":2,"column":48}},{"start":{"line":2,"column":51},"end":{"line":2,"column":125}}]},"3":{"line":2,"type":"cond-expr","locations":[{"start":{"line":2,"column":67},"end":{"line":2,"column":118}},{"start":{"line":2,"column":121},"end":{"line":2,"column":125}}]},"4":{"line":3,"type":"if","locations":[{"start":{"line":3,"column":4},"end":{"line":3,"column":4}},{"start":{"line":3,"column":4},"end":{"line":3,"column":4}}]},"5":{"line":3,"type":"binary-expr","locations":[{"start":{"line":3,"column":8},"end":{"line":3,"column":35}},{"start":{"line":3,"column":39},"end":{"line":3,"column":77}}]},"6":{"line":4,"type":"if","locations":[{"start":{"line":4,"column":58},"end":{"line":4,"column":58}},{"start":{"line":4,"column":58},"end":{"line":4,"column":58}}]},"7":{"line":4,"type":"binary-expr","locations":[{"start":{"line":4,"column":86},"end":{"line":4,"column":143}},{"start":{"line":4,"column":148},"end":{"line":4,"column":149}}]},"8":{"line":4,"type":"cond-expr","locations":[{"start":{"line":4,"column":94},"end":{"line":4,"column":98}},{"start":{"line":4,"column":101},"end":{"line":4,"column":143}}]},"9":{"line":4,"type":"cond-expr","locations":[{"start":{"line":4,"column":109},"end":{"line":4,"column":126}},{"start":{"line":4,"column":129},"end":{"line":4,"column":143}}]},"10":{"line":5,"type":"binary-expr","locations":[{"start":{"line":5,"column":11},"end":{"line":5,"column":16}},{"start":{"line":5,"column":20},"end":{"line":5,"column":21}},{"start":{"line":5,"column":25},"end":{"line":5,"column":62}}]},"11":{"line":7,"type":"binary-expr","locations":[{"start":{"line":7,"column":18},"end":{"line":7,"column":22}},{"start":{"line":7,"column":26},"end":{"line":7,"column":41}},{"start":{"line":7,"column":46},"end":{"line":9,"column":1}}]},"12":{"line":8,"type":"if","locations":[{"start":{"line":8,"column":4},"end":{"line":8,"column":4}},{"start":{"line":8,"column":4},"end":{"line":8,"column":4}}]},"13":{"line":8,"type":"binary-expr","locations":[{"start":{"line":8,"column":8},"end":{"line":8,"column":35}},{"start":{"line":8,"column":39},"end":{"line":8,"column":77}}]}},"l":{"1":1,"2":1,"3":1,"4":0,"5":1,"7":1,"8":1,"10":1,"11":1,"12":1,"14":1,"15":1,"16":2,"19":1,"23":1,"25":1}},
"E:\\angular2\\demo\\angularjs2_typescript_project_demo\\dist\\comps\\my-list.js":{"path":"E:\\angular2\\demo\\angularjs2_typescript_project_demo\\dist\\comps\\my-list.js","s":{"1":1,"2":1,"3":1,"4":1,"5":0,"6":0,"7":0,"8":1,"9":1,"10":1,"11":1,"12":1,"13":1,"14":1,"15":1,"16":1,"17":1,"18":1,"19":1,"20":1,"21":1,"22":1},"b":{"1":[1,1,1],"2":[1,0],"3":[0,0],"4":[1,0],"5":[1,1],"6":[0,0],"7":[0,0],"8":[0,0],"9":[0,0],"10":[1,0,0],"11":[1,1,1],"12":[1,0],"13":[1,1]},"f":{"1":1,"2":1,"3":1,"4":1,"5":1},"fnMap":{"1":{"name":"(anonymous_1)","line":1,"loc":{"start":{"line":1,"column":46},"end":{"line":1,"column":87}}},"2":{"name":"(anonymous_2)","line":7,"loc":{"start":{"line":7,"column":46},"end":{"line":7,"column":62}}},"3":{"name":"(anonymous_3)","line":13,"loc":{"start":{"line":13,"column":14},"end":{"line":13,"column":26}}},"4":{"name":"MyList","line":14,"loc":{"start":{"line":14,"column":4},"end":{"line":14,"column":29}}},"5":{"name":"(anonymous_5)","line":17,"loc":{"start":{"line":17,"column":32},"end":{"line":17,"column":44}}}},"statementMap":{"1":{"start":{"line":1,"column":0},"end":{"line":6,"column":2}},"2":{"start":{"line":2,"column":4},"end":{"line":2,"column":129}},"3":{"start":{"line":3,"column":4},"end":{"line":4,"column":150}},"4":{"start":{"line":3,"column":79},"end":{"line":3,"column":131}},"5":{"start":{"line":4,"column":9},"end":{"line":4,"column":150}},"6":{"start":{"line":4,"column":58},"end":{"line":4,"column":150}},"7":{"start":{"line":4,"column":81},"end":{"line":4,"column":150}},"8":{"start":{"line":5,"column":4},"end":{"line":5,"column":66}},"9":{"start":{"line":7,"column":0},"end":{"line":9,"column":2}},"10":{"start":{"line":8,"column":4},"end":{"line":8,"column":109}},"11":{"start":{"line":8,"column":79},"end":{"line":8,"column":109}},"12":{"start":{"line":10,"column":0},"end":{"line":10,"column":38}},"13":{"start":{"line":11,"column":0},"end":{"line":11,"column":53}},"14":{"start":{"line":12,"column":0},"end":{"line":12,"column":44}},"15":{"start":{"line":13,"column":0},"end":{"line":31,"column":5}},"16":{"start":{"line":14,"column":4},"end":{"line":16,"column":5}},"17":{"start":{"line":15,"column":8},"end":{"line":15,"column":31}},"18":{"start":{"line":17,"column":4},"end":{"line":19,"column":6}},"19":{"start":{"line":18,"column":8},"end":{"line":18,"column":45}},"20":{"start":{"line":20,"column":4},"end":{"line":29,"column":15}},"21":{"start":{"line":30,"column":4},"end":{"line":30,"column":18}},"22":{"start":{"line":32,"column":0},"end":{"line":32,"column":24}}},"branchMap":{"1":{"line":1,"type":"binary-expr","locations":[{"start":{"line":1,"column":18},"end":{"line":1,"column":22}},{"start":{"line":1,"column":26},"end":{"line":1,"column":41}},{"start":{"line":1,"column":46},"end":{"line":6,"column":1}}]},"2":{"line":2,"type":"cond-expr","locations":[{"start":{"line":2,"column":42},"end":{"line":2,"column":48}},{"start":{"line":2,"column":51},"end":{"line":2,"column":125}}]},"3":{"line":2,"type":"cond-expr","locations":[{"start":{"line":2,"column":67},"end":{"line":2,"column":118}},{"start":{"line":2,"column":121},"end":{"line":2,"column":125}}]},"4":{"line":3,"type":"if","locations":[{"start":{"line":3,"column":4},"end":{"line":3,"column":4}},{"start":{"line":3,"column":4},"end":{"line":3,"column":4}}]},"5":{"line":3,"type":"binary-expr","locations":[{"start":{"line":3,"column":8},"end":{"line":3,"column":35}},{"start":{"line":3,"column":39},"end":{"line":3,"column":77}}]},"6":{"line":4,"type":"if","locations":[{"start":{"line":4,"column":58},"end":{"line":4,"column":58}},{"start":{"line":4,"column":58},"end":{"line":4,"column":58}}]},"7":{"line":4,"type":"binary-expr","locations":[{"start":{"line":4,"column":86},"end":{"line":4,"column":143}},{"start":{"line":4,"column":148},"end":{"line":4,"column":149}}]},"8":{"line":4,"type":"cond-expr","locations":[{"start":{"line":4,"column":94},"end":{"line":4,"column":98}},{"start":{"line":4,"column":101},"end":{"line":4,"column":143}}]},"9":{"line":4,"type":"cond-expr","locations":[{"start":{"line":4,"column":109},"end":{"line":4,"column":126}},{"start":{"line":4,"column":129},"end":{"line":4,"column":143}}]},"10":{"line":5,"type":"binary-expr","locations":[{"start":{"line":5,"column":11},"end":{"line":5,"column":16}},{"start":{"line":5,"column":20},"end":{"line":5,"column":21}},{"start":{"line":5,"column":25},"end":{"line":5,"column":62}}]},"11":{"line":7,"type":"binary-expr","locations":[{"start":{"line":7,"column":18},"end":{"line":7,"column":22}},{"start":{"line":7,"column":26},"end":{"line":7,"column":41}},{"start":{"line":7,"column":46},"end":{"line":9,"column":1}}]},"12":{"line":8,"type":"if","locations":[{"start":{"line":8,"column":4},"end":{"line":8,"column":4}},{"start":{"line":8,"column":4},"end":{"line":8,"column":4}}]},"13":{"line":8,"type":"binary-expr","locations":[{"start":{"line":8,"column":8},"end":{"line":8,"column":35}},{"start":{"line":8,"column":39},"end":{"line":8,"column":77}}]}},"l":{"1":1,"2":1,"3":1,"4":0,"5":1,"7":1,"8":1,"10":1,"11":1,"12":1,"13":1,"14":1,"15":1,"17":1,"18":1,"20":1,"30":1,"32":1}}}
